<?xml version="1.0" encoding="UTF-8"?>
<!-- Generated by org.testng.reporters.JUnitXMLReporter -->
<testsuite hostname="NUTHAN-PC" name="Regression suite 1" tests="2" failures="0" timestamp="22 Nov 2016 15:21:56 GMT" time="0.075" errors="0">
  <testcase name="@BeforeClass beforeClass" time="0.0" classname="github.tests.GitHubTest">
    <failure type="java.lang.NoSuchFieldError" message="VERSION_2_3_23">
      <![CDATA[java.lang.NoSuchFieldError: VERSION_2_3_23
	at com.relevantcodes.extentreports.HTMLReporter.start(HTMLReporter.java:76)
	at com.relevantcodes.extentreports.Report.attach(Report.java:314)
	at com.relevantcodes.extentreports.ExtentReports.<init>(ExtentReports.java:84)
	at com.relevantcodes.extentreports.ExtentReports.<init>(ExtentReports.java:418)
	at github.driver.ExtentManager.getReporter(ExtentManager.java:9)
	at github.driver.Report.beforeClass(Report.java:28)
... Removed 23 stack frames]]>
    </failure>
  </testcase> <!-- @BeforeClass beforeClass -->
  <testcase name="@AfterMethod afterMethod" time="0.0" classname="github.tests.GitHubTest">
    <skipped/>
  </testcase> <!-- @AfterMethod afterMethod -->
  <testcase name="@AfterMethod afterMethod" time="0.0" classname="github.tests.GitHubTest">
    <skipped/>
  </testcase> <!-- @AfterMethod afterMethod -->
  <testcase name="@AfterClass afterClass" time="0.0" classname="github.tests.GitHubTest">
    <skipped/>
  </testcase> <!-- @AfterClass afterClass -->
  <testcase name="github_login" time="0.001" classname="github.tests.GitHubTest">
    <skipped/>
  </testcase> <!-- github_login -->
  <testcase name="github_login_error" time="0.001" classname="github.tests.GitHubTest">
    <skipped/>
  </testcase> <!-- github_login_error -->
</testsuite> <!-- Regression suite 1 -->
